2024-12-02T16:18:53.094-03:00  INFO 17448 --- [restartedMain] c.project.gameshop.GameshopApplication   : Starting GameshopApplication using Java 17.0.11 with PID 17448 (C:\Users\acanto\Desktop\games-shop\gameshop\target\classes started by acanto in C:\Users\acanto\Desktop\games-shop)
2024-12-02T16:18:53.094-03:00  INFO 17448 --- [restartedMain] c.project.gameshop.GameshopApplication   : No active profile set, falling back to 1 default profile: "default"
2024-12-02T16:18:53.173-03:00  INFO 17448 --- [restartedMain] .e.DevToolsPropertyDefaultsPostProcessor : Devtools property defaults active! Set 'spring.devtools.add-properties' to 'false' to disable
2024-12-02T16:18:53.173-03:00  INFO 17448 --- [restartedMain] .e.DevToolsPropertyDefaultsPostProcessor : For additional web related logging consider setting the 'logging.level.web' property to 'DEBUG'
2024-12-02T16:18:54.365-03:00  INFO 17448 --- [restartedMain] .s.d.r.c.RepositoryConfigurationDelegate : Bootstrapping Spring Data JPA repositories in DEFAULT mode.
2024-12-02T16:18:54.470-03:00  INFO 17448 --- [restartedMain] .s.d.r.c.RepositoryConfigurationDelegate : Finished Spring Data repository scanning in 88 ms. Found 3 JPA repository interfaces.
2024-12-02T16:18:55.350-03:00  INFO 17448 --- [restartedMain] o.s.b.w.embedded.tomcat.TomcatWebServer  : Tomcat initialized with port 8080 (http)
2024-12-02T16:18:55.365-03:00  INFO 17448 --- [restartedMain] o.apache.catalina.core.StandardService   : Starting service [Tomcat]
2024-12-02T16:18:55.365-03:00  INFO 17448 --- [restartedMain] o.apache.catalina.core.StandardEngine    : Starting Servlet engine: [Apache Tomcat/10.1.33]
2024-12-02T16:18:55.430-03:00  INFO 17448 --- [restartedMain] o.a.c.c.C.[Tomcat].[localhost].[/]       : Initializing Spring embedded WebApplicationContext
2024-12-02T16:18:55.430-03:00  INFO 17448 --- [restartedMain] w.s.c.ServletWebServerApplicationContext : Root WebApplicationContext: initialization completed in 2257 ms
2024-12-02T16:18:56.118-03:00  INFO 17448 --- [restartedMain] o.hibernate.jpa.internal.util.LogHelper  : HHH000204: Processing PersistenceUnitInfo [name: default]
2024-12-02T16:18:56.425-03:00  INFO 17448 --- [restartedMain] org.hibernate.Version                    : HHH000412: Hibernate ORM core version 6.6.2.Final
2024-12-02T16:18:56.558-03:00  INFO 17448 --- [restartedMain] o.h.c.internal.RegionFactoryInitiator    : HHH000026: Second-level cache disabled
2024-12-02T16:18:56.878-03:00  INFO 17448 --- [restartedMain] o.s.o.j.p.SpringPersistenceUnitInfo      : No LoadTimeWeaver setup: ignoring JPA class transformer
2024-12-02T16:18:56.933-03:00  INFO 17448 --- [restartedMain] com.zaxxer.hikari.HikariDataSource       : HikariPool-1 - Starting...
2024-12-02T16:18:57.228-03:00  INFO 17448 --- [restartedMain] com.zaxxer.hikari.pool.HikariPool        : HikariPool-1 - Added connection com.mysql.cj.jdbc.ConnectionImpl@1658ce76
2024-12-02T16:18:57.228-03:00  INFO 17448 --- [restartedMain] com.zaxxer.hikari.HikariDataSource       : HikariPool-1 - Start completed.
2024-12-02T16:18:57.352-03:00  INFO 17448 --- [restartedMain] org.hibernate.orm.connections.pooling    : HHH10001005: Database info:
	Database JDBC URL [Connecting through datasource 'HikariDataSource (HikariPool-1)']
	Database driver: undefined/unknown
	Database version: 8.0.40
	Autocommit mode: undefined/unknown
	Isolation level: undefined/unknown
	Minimum pool size: undefined/unknown
	Maximum pool size: undefined/unknown
2024-12-02T16:18:58.774-03:00  INFO 17448 --- [restartedMain] o.h.e.t.j.p.i.JtaPlatformInitiator       : HHH000489: No JTA platform available (set 'hibernate.transaction.jta.platform' to enable JTA platform integration)
2024-12-02T16:18:58.854-03:00  INFO 17448 --- [restartedMain] j.LocalContainerEntityManagerFactoryBean : Initialized JPA EntityManagerFactory for persistence unit 'default'
2024-12-02T16:18:59.196-03:00  WARN 17448 --- [restartedMain] ConfigServletWebServerApplicationContext : Exception encountered during context initialization - cancelling refresh attempt: org.springframework.beans.factory.UnsatisfiedDependencyException: Error creating bean with name 'authController': Unsatisfied dependency expressed through field 'passwordEncoder': No qualifying bean of type 'org.springframework.security.crypto.bcrypt.BCryptPasswordEncoder' available: expected at least 1 bean which qualifies as autowire candidate. Dependency annotations: {@org.springframework.beans.factory.annotation.Autowired(required=true)}
2024-12-02T16:18:59.196-03:00  INFO 17448 --- [restartedMain] j.LocalContainerEntityManagerFactoryBean : Closing JPA EntityManagerFactory for persistence unit 'default'
2024-12-02T16:18:59.206-03:00  INFO 17448 --- [restartedMain] com.zaxxer.hikari.HikariDataSource       : HikariPool-1 - Shutdown initiated...
2024-12-02T16:18:59.356-03:00  INFO 17448 --- [restartedMain] com.zaxxer.hikari.HikariDataSource       : HikariPool-1 - Shutdown completed.
2024-12-02T16:18:59.361-03:00  INFO 17448 --- [restartedMain] o.apache.catalina.core.StandardService   : Stopping service [Tomcat]
2024-12-02T16:18:59.373-03:00  INFO 17448 --- [restartedMain] .s.b.a.l.ConditionEvaluationReportLogger : 

Error starting ApplicationContext. To display the condition evaluation report re-run your application with 'debug' enabled.
2024-12-02T16:18:59.401-03:00 ERROR 17448 --- [restartedMain] o.s.b.d.LoggingFailureAnalysisReporter   : 

***************************
APPLICATION FAILED TO START
***************************

Description:

Field passwordEncoder in com.project.gameshop.controller.AuthController required a bean of type 'org.springframework.security.crypto.bcrypt.BCryptPasswordEncoder' that could not be found.

The injection point has the following annotations:
	- @org.springframework.beans.factory.annotation.Autowired(required=true)


Action:

Consider defining a bean of type 'org.springframework.security.crypto.bcrypt.BCryptPasswordEncoder' in your configuration.

2024-12-02T16:19:59.145-03:00  INFO 21380 --- [restartedMain] c.project.gameshop.GameshopApplication   : Starting GameshopApplication using Java 17.0.11 with PID 21380 (C:\Users\acanto\Desktop\games-shop\gameshop\target\classes started by acanto in C:\Users\acanto\Desktop\games-shop)
2024-12-02T16:19:59.145-03:00  INFO 21380 --- [restartedMain] c.project.gameshop.GameshopApplication   : No active profile set, falling back to 1 default profile: "default"
2024-12-02T16:19:59.264-03:00  INFO 21380 --- [restartedMain] .e.DevToolsPropertyDefaultsPostProcessor : Devtools property defaults active! Set 'spring.devtools.add-properties' to 'false' to disable
2024-12-02T16:19:59.267-03:00  INFO 21380 --- [restartedMain] .e.DevToolsPropertyDefaultsPostProcessor : For additional web related logging consider setting the 'logging.level.web' property to 'DEBUG'
2024-12-02T16:20:00.362-03:00  INFO 21380 --- [restartedMain] .s.d.r.c.RepositoryConfigurationDelegate : Bootstrapping Spring Data JPA repositories in DEFAULT mode.
2024-12-02T16:20:00.446-03:00  INFO 21380 --- [restartedMain] .s.d.r.c.RepositoryConfigurationDelegate : Finished Spring Data repository scanning in 83 ms. Found 3 JPA repository interfaces.
2024-12-02T16:20:01.343-03:00  INFO 21380 --- [restartedMain] o.s.b.w.embedded.tomcat.TomcatWebServer  : Tomcat initialized with port 8080 (http)
2024-12-02T16:20:01.359-03:00  INFO 21380 --- [restartedMain] o.apache.catalina.core.StandardService   : Starting service [Tomcat]
2024-12-02T16:20:01.359-03:00  INFO 21380 --- [restartedMain] o.apache.catalina.core.StandardEngine    : Starting Servlet engine: [Apache Tomcat/10.1.33]
2024-12-02T16:20:01.441-03:00  INFO 21380 --- [restartedMain] o.a.c.c.C.[Tomcat].[localhost].[/]       : Initializing Spring embedded WebApplicationContext
2024-12-02T16:20:01.442-03:00  INFO 21380 --- [restartedMain] w.s.c.ServletWebServerApplicationContext : Root WebApplicationContext: initialization completed in 2173 ms
2024-12-02T16:20:01.646-03:00  INFO 21380 --- [restartedMain] o.hibernate.jpa.internal.util.LogHelper  : HHH000204: Processing PersistenceUnitInfo [name: default]
2024-12-02T16:20:01.728-03:00  INFO 21380 --- [restartedMain] org.hibernate.Version                    : HHH000412: Hibernate ORM core version 6.6.2.Final
2024-12-02T16:20:01.781-03:00  INFO 21380 --- [restartedMain] o.h.c.internal.RegionFactoryInitiator    : HHH000026: Second-level cache disabled
2024-12-02T16:20:02.144-03:00  INFO 21380 --- [restartedMain] o.s.o.j.p.SpringPersistenceUnitInfo      : No LoadTimeWeaver setup: ignoring JPA class transformer
2024-12-02T16:20:02.218-03:00  INFO 21380 --- [restartedMain] com.zaxxer.hikari.HikariDataSource       : HikariPool-1 - Starting...
2024-12-02T16:20:02.594-03:00  INFO 21380 --- [restartedMain] com.zaxxer.hikari.pool.HikariPool        : HikariPool-1 - Added connection com.mysql.cj.jdbc.ConnectionImpl@10e2fe06
2024-12-02T16:20:02.595-03:00  INFO 21380 --- [restartedMain] com.zaxxer.hikari.HikariDataSource       : HikariPool-1 - Start completed.
2024-12-02T16:20:02.688-03:00  INFO 21380 --- [restartedMain] org.hibernate.orm.connections.pooling    : HHH10001005: Database info:
	Database JDBC URL [Connecting through datasource 'HikariDataSource (HikariPool-1)']
	Database driver: undefined/unknown
	Database version: 8.0.40
	Autocommit mode: undefined/unknown
	Isolation level: undefined/unknown
	Minimum pool size: undefined/unknown
	Maximum pool size: undefined/unknown
2024-12-02T16:20:03.847-03:00  INFO 21380 --- [restartedMain] o.h.e.t.j.p.i.JtaPlatformInitiator       : HHH000489: No JTA platform available (set 'hibernate.transaction.jta.platform' to enable JTA platform integration)
2024-12-02T16:20:03.994-03:00  INFO 21380 --- [restartedMain] j.LocalContainerEntityManagerFactoryBean : Initialized JPA EntityManagerFactory for persistence unit 'default'
2024-12-02T16:20:04.386-03:00  WARN 21380 --- [restartedMain] ConfigServletWebServerApplicationContext : Exception encountered during context initialization - cancelling refresh attempt: org.springframework.beans.factory.UnsatisfiedDependencyException: Error creating bean with name 'authController': Unsatisfied dependency expressed through field 'passwordEncoder': No qualifying bean of type 'org.springframework.security.crypto.bcrypt.BCryptPasswordEncoder' available: expected at least 1 bean which qualifies as autowire candidate. Dependency annotations: {@org.springframework.beans.factory.annotation.Autowired(required=true)}
2024-12-02T16:20:04.386-03:00  INFO 21380 --- [restartedMain] j.LocalContainerEntityManagerFactoryBean : Closing JPA EntityManagerFactory for persistence unit 'default'
2024-12-02T16:20:04.392-03:00  INFO 21380 --- [restartedMain] com.zaxxer.hikari.HikariDataSource       : HikariPool-1 - Shutdown initiated...
2024-12-02T16:20:04.413-03:00  INFO 21380 --- [restartedMain] com.zaxxer.hikari.HikariDataSource       : HikariPool-1 - Shutdown completed.
2024-12-02T16:20:04.424-03:00  INFO 21380 --- [restartedMain] o.apache.catalina.core.StandardService   : Stopping service [Tomcat]
2024-12-02T16:20:04.457-03:00  INFO 21380 --- [restartedMain] .s.b.a.l.ConditionEvaluationReportLogger : 

Error starting ApplicationContext. To display the condition evaluation report re-run your application with 'debug' enabled.
2024-12-02T16:20:04.491-03:00 ERROR 21380 --- [restartedMain] o.s.b.d.LoggingFailureAnalysisReporter   : 

***************************
APPLICATION FAILED TO START
***************************

Description:

Field passwordEncoder in com.project.gameshop.controller.AuthController required a bean of type 'org.springframework.security.crypto.bcrypt.BCryptPasswordEncoder' that could not be found.

The injection point has the following annotations:
	- @org.springframework.beans.factory.annotation.Autowired(required=true)


Action:

Consider defining a bean of type 'org.springframework.security.crypto.bcrypt.BCryptPasswordEncoder' in your configuration.

2024-12-02T16:24:47.607-03:00  INFO 8460 --- [restartedMain] c.project.gameshop.GameshopApplication   : Starting GameshopApplication using Java 17.0.11 with PID 8460 (C:\Users\acanto\Desktop\games-shop\gameshop\target\classes started by acanto in C:\Users\acanto\Desktop\games-shop)
2024-12-02T16:24:47.607-03:00  INFO 8460 --- [restartedMain] c.project.gameshop.GameshopApplication   : No active profile set, falling back to 1 default profile: "default"
2024-12-02T16:24:47.692-03:00  INFO 8460 --- [restartedMain] .e.DevToolsPropertyDefaultsPostProcessor : Devtools property defaults active! Set 'spring.devtools.add-properties' to 'false' to disable
2024-12-02T16:24:47.692-03:00  INFO 8460 --- [restartedMain] .e.DevToolsPropertyDefaultsPostProcessor : For additional web related logging consider setting the 'logging.level.web' property to 'DEBUG'
2024-12-02T16:24:48.514-03:00  INFO 8460 --- [restartedMain] .s.d.r.c.RepositoryConfigurationDelegate : Bootstrapping Spring Data JPA repositories in DEFAULT mode.
2024-12-02T16:24:48.601-03:00  INFO 8460 --- [restartedMain] .s.d.r.c.RepositoryConfigurationDelegate : Finished Spring Data repository scanning in 71 ms. Found 3 JPA repository interfaces.
2024-12-02T16:24:49.501-03:00  INFO 8460 --- [restartedMain] o.s.b.w.embedded.tomcat.TomcatWebServer  : Tomcat initialized with port 8080 (http)
2024-12-02T16:24:49.517-03:00  INFO 8460 --- [restartedMain] o.apache.catalina.core.StandardService   : Starting service [Tomcat]
2024-12-02T16:24:49.532-03:00  INFO 8460 --- [restartedMain] o.apache.catalina.core.StandardEngine    : Starting Servlet engine: [Apache Tomcat/10.1.33]
2024-12-02T16:24:49.596-03:00  INFO 8460 --- [restartedMain] o.a.c.c.C.[Tomcat].[localhost].[/]       : Initializing Spring embedded WebApplicationContext
2024-12-02T16:24:49.597-03:00  INFO 8460 --- [restartedMain] w.s.c.ServletWebServerApplicationContext : Root WebApplicationContext: initialization completed in 1905 ms
2024-12-02T16:24:49.782-03:00  INFO 8460 --- [restartedMain] o.hibernate.jpa.internal.util.LogHelper  : HHH000204: Processing PersistenceUnitInfo [name: default]
2024-12-02T16:24:49.847-03:00  INFO 8460 --- [restartedMain] org.hibernate.Version                    : HHH000412: Hibernate ORM core version 6.6.2.Final
2024-12-02T16:24:49.885-03:00  INFO 8460 --- [restartedMain] o.h.c.internal.RegionFactoryInitiator    : HHH000026: Second-level cache disabled
2024-12-02T16:24:50.181-03:00  INFO 8460 --- [restartedMain] o.s.o.j.p.SpringPersistenceUnitInfo      : No LoadTimeWeaver setup: ignoring JPA class transformer
2024-12-02T16:24:50.213-03:00  INFO 8460 --- [restartedMain] com.zaxxer.hikari.HikariDataSource       : HikariPool-1 - Starting...
2024-12-02T16:24:50.526-03:00  INFO 8460 --- [restartedMain] com.zaxxer.hikari.pool.HikariPool        : HikariPool-1 - Added connection com.mysql.cj.jdbc.ConnectionImpl@24793b61
2024-12-02T16:24:50.540-03:00  INFO 8460 --- [restartedMain] com.zaxxer.hikari.HikariDataSource       : HikariPool-1 - Start completed.
2024-12-02T16:24:50.633-03:00  INFO 8460 --- [restartedMain] org.hibernate.orm.connections.pooling    : HHH10001005: Database info:
	Database JDBC URL [Connecting through datasource 'HikariDataSource (HikariPool-1)']
	Database driver: undefined/unknown
	Database version: 8.0.40
	Autocommit mode: undefined/unknown
	Isolation level: undefined/unknown
	Minimum pool size: undefined/unknown
	Maximum pool size: undefined/unknown
2024-12-02T16:24:51.700-03:00  INFO 8460 --- [restartedMain] o.h.e.t.j.p.i.JtaPlatformInitiator       : HHH000489: No JTA platform available (set 'hibernate.transaction.jta.platform' to enable JTA platform integration)
2024-12-02T16:24:51.768-03:00  INFO 8460 --- [restartedMain] j.LocalContainerEntityManagerFactoryBean : Initialized JPA EntityManagerFactory for persistence unit 'default'
2024-12-02T16:24:52.255-03:00  WARN 8460 --- [restartedMain] JpaBaseConfiguration$JpaWebConfiguration : spring.jpa.open-in-view is enabled by default. Therefore, database queries may be performed during view rendering. Explicitly configure spring.jpa.open-in-view to disable this warning
2024-12-02T16:24:52.302-03:00  WARN 8460 --- [restartedMain] .s.s.UserDetailsServiceAutoConfiguration : 

Using generated security password: 5477c63c-8242-40be-81ab-3717a977e244

This generated password is for development use only. Your security configuration must be updated before running your application in production.

2024-12-02T16:24:52.313-03:00  INFO 8460 --- [restartedMain] r$InitializeUserDetailsManagerConfigurer : Global AuthenticationManager configured with UserDetailsService bean with name inMemoryUserDetailsManager
2024-12-02T16:24:52.911-03:00  INFO 8460 --- [restartedMain] o.s.b.d.a.OptionalLiveReloadServer       : LiveReload server is running on port 35729
2024-12-02T16:24:52.980-03:00  INFO 8460 --- [restartedMain] o.s.b.w.embedded.tomcat.TomcatWebServer  : Tomcat started on port 8080 (http) with context path '/'
2024-12-02T16:24:52.992-03:00  INFO 8460 --- [restartedMain] c.project.gameshop.GameshopApplication   : Started GameshopApplication in 5.878 seconds (process running for 6.391)
